<?xml version="1.0" encoding="UTF-8"?>
<testsuite name="BoardTest" tests="6" skipped="0" failures="0" errors="0" timestamp="2020-03-18T21:49:26" hostname="CYLON" time="24.353">
  <properties/>
  <testcase name="test2x2" classname="BoardTest" time="0.035"/>
  <testcase name="test3x3" classname="BoardTest" time="24.316"/>
  <testcase name="testSolve" classname="BoardTest" time="0.0"/>
  <testcase name="testDimension" classname="BoardTest" time="0.0"/>
  <testcase name="testMan_Ham" classname="BoardTest" time="0.001"/>
  <testcase name="testSelectFile" classname="BoardTest" time="0.001"/>
  <system-out><![CDATA[Minimum number of moves = 0
2
 1  2 
 3  0 

Minimum number of moves = 1
2
 1  2 
 0  3 

2
 1  2 
 3  0 

Minimum number of moves = 2
2
 0  1 
 3  2 

2
 1  0 
 3  2 

2
 1  2 
 3  0 

Minimum number of moves = 3
2
 3  1 
 0  2 

2
 0  1 
 3  2 

2
 1  0 
 3  2 

2
 1  2 
 3  0 

Minimum number of moves = 4
2
 2  3 
 1  0 

2
 2  0 
 1  3 

2
 0  2 
 1  3 

2
 1  2 
 0  3 

2
 1  2 
 3  0 

Minimum number of moves = 5
2
 2  3 
 0  1 

2
 2  3 
 1  0 

2
 2  0 
 1  3 

2
 0  2 
 1  3 

2
 1  2 
 0  3 

2
 1  2 
 3  0 

Minimum number of moves = 6
2
 0  3 
 2  1 

2
 2  3 
 0  1 

2
 2  3 
 1  0 

2
 2  0 
 1  3 

2
 0  2 
 1  3 

2
 1  2 
 0  3 

2
 1  2 
 3  0 

Minimum number of moves = 0
3
 1  2  3 
 4  5  6 
 7  8  0 

Minimum number of moves = 1
3
 1  2  3 
 4  5  0 
 7  8  6 

3
 1  2  3 
 4  5  6 
 7  8  0 

Minimum number of moves = 2
3
 1  2  3 
 4  0  5 
 7  8  6 

3
 1  2  3 
 4  5  0 
 7  8  6 

3
 1  2  3 
 4  5  6 
 7  8  0 

Minimum number of moves = 3
3
 1  2  3 
 0  4  5 
 7  8  6 

3
 1  2  3 
 4  0  5 
 7  8  6 

3
 1  2  3 
 4  5  0 
 7  8  6 

3
 1  2  3 
 4  5  6 
 7  8  0 

Minimum number of moves = 4
3
 0  1  2 
 4  5  3 
 7  8  6 

3
 1  0  2 
 4  5  3 
 7  8  6 

3
 1  2  0 
 4  5  3 
 7  8  6 

3
 1  2  3 
 4  5  0 
 7  8  6 

3
 1  2  3 
 4  5  6 
 7  8  0 

Minimum number of moves = 5
3
 1  0  2 
 4  6  3 
 7  5  8 

3
 1  2  0 
 4  6  3 
 7  5  8 

3
 1  2  3 
 4  6  0 
 7  5  8 

3
 1  2  3 
 4  0  6 
 7  5  8 

3
 1  2  3 
 4  5  6 
 7  0  8 

3
 1  2  3 
 4  5  6 
 7  8  0 

Minimum number of moves = 6
3
 1  2  0 
 4  8  3 
 7  6  5 

3
 1  2  3 
 4  8  0 
 7  6  5 

3
 1  2  3 
 4  8  5 
 7  6  0 

3
 1  2  3 
 4  8  5 
 7  0  6 

3
 1  2  3 
 4  0  5 
 7  8  6 

3
 1  2  3 
 4  5  0 
 7  8  6 

3
 1  2  3 
 4  5  6 
 7  8  0 

Minimum number of moves = 7
3
 1  2  3 
 0  4  8 
 7  6  5 

3
 1  2  3 
 4  0  8 
 7  6  5 

3
 1  2  3 
 4  6  8 
 7  0  5 

3
 1  2  3 
 4  6  8 
 7  5  0 

3
 1  2  3 
 4  6  0 
 7  5  8 

3
 1  2  3 
 4  0  6 
 7  5  8 

3
 1  2  3 
 4  5  6 
 7  0  8 

3
 1  2  3 
 4  5  6 
 7  8  0 

Minimum number of moves = 8
3
 0  4  3 
 2  1  6 
 7  5  8 

3
 4  0  3 
 2  1  6 
 7  5  8 

3
 4  1  3 
 2  0  6 
 7  5  8 

3
 4  1  3 
 0  2  6 
 7  5  8 

3
 0  1  3 
 4  2  6 
 7  5  8 

3
 1  0  3 
 4  2  6 
 7  5  8 

3
 1  2  3 
 4  0  6 
 7  5  8 

3
 1  2  3 
 4  5  6 
 7  0  8 

3
 1  2  3 
 4  5  6 
 7  8  0 

Minimum number of moves = 9
3
 1  3  6 
 5  2  8 
 4  0  7 

3
 1  3  6 
 5  2  8 
 4  7  0 

3
 1  3  6 
 5  2  0 
 4  7  8 

3
 1  3  0 
 5  2  6 
 4  7  8 

3
 1  0  3 
 5  2  6 
 4  7  8 

3
 1  2  3 
 5  0  6 
 4  7  8 

3
 1  2  3 
 0  5  6 
 4  7  8 

3
 1  2  3 
 4  5  6 
 0  7  8 

3
 1  2  3 
 4  5  6 
 7  0  8 

3
 1  2  3 
 4  5  6 
 7  8  0 

Minimum number of moves = 10
3
 0  4  1 
 5  3  2 
 7  8  6 

3
 4  0  1 
 5  3  2 
 7  8  6 

3
 4  1  0 
 5  3  2 
 7  8  6 

3
 4  1  2 
 5  3  0 
 7  8  6 

3
 4  1  2 
 5  0  3 
 7  8  6 

3
 4  1  2 
 0  5  3 
 7  8  6 

3
 0  1  2 
 4  5  3 
 7  8  6 

3
 1  0  2 
 4  5  3 
 7  8  6 

3
 1  2  0 
 4  5  3 
 7  8  6 

3
 1  2  3 
 4  5  0 
 7  8  6 

3
 1  2  3 
 4  5  6 
 7  8  0 

Minimum number of moves = 11
3
 1  3  5 
 7  2  6 
 8  0  4 

3
 1  3  5 
 7  2  6 
 8  4  0 

3
 1  3  5 
 7  2  0 
 8  4  6 

3
 1  3  0 
 7  2  5 
 8  4  6 

3
 1  0  3 
 7  2  5 
 8  4  6 

3
 1  2  3 
 7  0  5 
 8  4  6 

3
 1  2  3 
 7  4  5 
 8  0  6 

3
 1  2  3 
 7  4  5 
 0  8  6 

3
 1  2  3 
 0  4  5 
 7  8  6 

3
 1  2  3 
 4  0  5 
 7  8  6 

3
 1  2  3 
 4  5  0 
 7  8  6 

3
 1  2  3 
 4  5  6 
 7  8  0 

Minimum number of moves = 12
3
 4  1  2 
 3  0  6 
 5  7  8 

3
 4  1  2 
 0  3  6 
 5  7  8 

3
 4  1  2 
 5  3  6 
 0  7  8 

3
 4  1  2 
 5  3  6 
 7  0  8 

3
 4  1  2 
 5  3  6 
 7  8  0 

3
 4  1  2 
 5  3  0 
 7  8  6 

3
 4  1  2 
 5  0  3 
 7  8  6 

3
 4  1  2 
 0  5  3 
 7  8  6 

3
 0  1  2 
 4  5  3 
 7  8  6 

3
 1  0  2 
 4  5  3 
 7  8  6 

3
 1  2  0 
 4  5  3 
 7  8  6 

3
 1  2  3 
 4  5  0 
 7  8  6 

3
 1  2  3 
 4  5  6 
 7  8  0 

Minimum number of moves = 13
3
 4  3  1 
 0  7  2 
 8  5  6 

3
 4  3  1 
 7  0  2 
 8  5  6 

3
 4  0  1 
 7  3  2 
 8  5  6 

3
 4  1  0 
 7  3  2 
 8  5  6 

3
 4  1  2 
 7  3  0 
 8  5  6 

3
 4  1  2 
 7  0  3 
 8  5  6 

3
 4  1  2 
 7  5  3 
 8  0  6 

3
 4  1  2 
 7  5  3 
 0  8  6 

3
 4  1  2 
 0  5  3 
 7  8  6 

3
 0  1  2 
 4  5  3 
 7  8  6 

3
 1  0  2 
 4  5  3 
 7  8  6 

3
 1  2  0 
 4  5  3 
 7  8  6 

3
 1  2  3 
 4  5  0 
 7  8  6 

3
 1  2  3 
 4  5  6 
 7  8  0 

Minimum number of moves = 14
3
 3  4  6 
 2  0  8 
 1  7  5 

3
 3  0  6 
 2  4  8 
 1  7  5 

3
 0  3  6 
 2  4  8 
 1  7  5 

3
 2  3  6 
 0  4  8 
 1  7  5 

3
 2  3  6 
 1  4  8 
 0  7  5 

3
 2  3  6 
 1  4  8 
 7  0  5 

3
 2  3  6 
 1  4  8 
 7  5  0 

3
 2  3  6 
 1  4  0 
 7  5  8 

3
 2  3  0 
 1  4  6 
 7  5  8 

3
 2  0  3 
 1  4  6 
 7  5  8 

3
 0  2  3 
 1  4  6 
 7  5  8 

3
 1  2  3 
 0  4  6 
 7  5  8 

3
 1  2  3 
 4  0  6 
 7  5  8 

3
 1  2  3 
 4  5  6 
 7  0  8 

3
 1  2  3 
 4  5  6 
 7  8  0 

Minimum number of moves = 15
3
 2  0  8 
 1  3  5 
 4  6  7 

3
 2  3  8 
 1  0  5 
 4  6  7 

3
 2  3  8 
 1  5  0 
 4  6  7 

3
 2  3  0 
 1  5  8 
 4  6  7 

3
 2  0  3 
 1  5  8 
 4  6  7 

3
 0  2  3 
 1  5  8 
 4  6  7 

3
 1  2  3 
 0  5  8 
 4  6  7 

3
 1  2  3 
 5  0  8 
 4  6  7 

3
 1  2  3 
 5  6  8 
 4  0  7 

3
 1  2  3 
 5  6  8 
 4  7  0 

3
 1  2  3 
 5  6  0 
 4  7  8 

3
 1  2  3 
 5  0  6 
 4  7  8 

3
 1  2  3 
 0  5  6 
 4  7  8 

3
 1  2  3 
 4  5  6 
 0  7  8 

3
 1  2  3 
 4  5  6 
 7  0  8 

3
 1  2  3 
 4  5  6 
 7  8  0 

Minimum number of moves = 16
3
 5  2  1 
 4  8  3 
 7  6  0 

3
 5  2  1 
 4  8  3 
 7  0  6 

3
 5  2  1 
 4  0  3 
 7  8  6 

3
 5  0  1 
 4  2  3 
 7  8  6 

3
 5  1  0 
 4  2  3 
 7  8  6 

3
 5  1  3 
 4  2  0 
 7  8  6 

3
 5  1  3 
 4  2  6 
 7  8  0 

3
 5  1  3 
 4  2  6 
 7  0  8 

3
 5  1  3 
 4  2  6 
 0  7  8 

3
 5  1  3 
 0  2  6 
 4  7  8 

3
 0  1  3 
 5  2  6 
 4  7  8 

3
 1  0  3 
 5  2  6 
 4  7  8 

3
 1  2  3 
 5  0  6 
 4  7  8 

3
 1  2  3 
 0  5  6 
 4  7  8 

3
 1  2  3 
 4  5  6 
 0  7  8 

3
 1  2  3 
 4  5  6 
 7  0  8 

3
 1  2  3 
 4  5  6 
 7  8  0 

Minimum number of moves = 17
3
 4  3  1 
 0  2  6 
 7  8  5 

3
 4  3  1 
 7  2  6 
 0  8  5 

3
 4  3  1 
 7  2  6 
 8  0  5 

3
 4  3  1 
 7  2  6 
 8  5  0 

3
 4  3  1 
 7  2  0 
 8  5  6 

3
 4  3  1 
 7  0  2 
 8  5  6 

3
 4  0  1 
 7  3  2 
 8  5  6 

3
 4  1  0 
 7  3  2 
 8  5  6 

3
 4  1  2 
 7  3  0 
 8  5  6 

3
 4  1  2 
 7  0  3 
 8  5  6 

3
 4  1  2 
 7  5  3 
 8  0  6 

3
 4  1  2 
 7  5  3 
 0  8  6 

3
 4  1  2 
 0  5  3 
 7  8  6 

3
 0  1  2 
 4  5  3 
 7  8  6 

3
 1  0  2 
 4  5  3 
 7  8  6 

3
 1  2  0 
 4  5  3 
 7  8  6 

3
 1  2  3 
 4  5  0 
 7  8  6 

3
 1  2  3 
 4  5  6 
 7  8  0 

Minimum number of moves = 18
3
 1  4  3 
 7  0  8 
 6  5  2 

3
 1  0  3 
 7  4  8 
 6  5  2 

3
 1  3  0 
 7  4  8 
 6  5  2 

3
 1  3  8 
 7  4  0 
 6  5  2 

3
 1  3  8 
 7  4  2 
 6  5  0 

3
 1  3  8 
 7  4  2 
 6  0  5 

3
 1  3  8 
 7  4  2 
 0  6  5 

3
 1  3  8 
 0  4  2 
 7  6  5 

3
 1  3  8 
 4  0  2 
 7  6  5 

3
 1  3  8 
 4  2  0 
 7  6  5 

3
 1  3  0 
 4  2  8 
 7  6  5 

3
 1  0  3 
 4  2  8 
 7  6  5 

3
 1  2  3 
 4  0  8 
 7  6  5 

3
 1  2  3 
 4  6  8 
 7  0  5 

3
 1  2  3 
 4  6  8 
 7  5  0 

3
 1  2  3 
 4  6  0 
 7  5  8 

3
 1  2  3 
 4  0  6 
 7  5  8 

3
 1  2  3 
 4  5  6 
 7  0  8 

3
 1  2  3 
 4  5  6 
 7  8  0 

Minimum number of moves = 19
3
 7  0  4 
 8  5  1 
 6  3  2 

3
 7  4  0 
 8  5  1 
 6  3  2 

3
 7  4  1 
 8  5  0 
 6  3  2 

3
 7  4  1 
 8  5  2 
 6  3  0 

3
 7  4  1 
 8  5  2 
 6  0  3 

3
 7  4  1 
 8  5  2 
 0  6  3 

3
 7  4  1 
 0  5  2 
 8  6  3 

3
 0  4  1 
 7  5  2 
 8  6  3 

3
 4  0  1 
 7  5  2 
 8  6  3 

3
 4  1  0 
 7  5  2 
 8  6  3 

3
 4  1  2 
 7  5  0 
 8  6  3 

3
 4  1  2 
 7  5  3 
 8  6  0 

3
 4  1  2 
 7  5  3 
 8  0  6 

3
 4  1  2 
 7  5  3 
 0  8  6 

3
 4  1  2 
 0  5  3 
 7  8  6 

3
 0  1  2 
 4  5  3 
 7  8  6 

3
 1  0  2 
 4  5  3 
 7  8  6 

3
 1  2  0 
 4  5  3 
 7  8  6 

3
 1  2  3 
 4  5  0 
 7  8  6 

3
 1  2  3 
 4  5  6 
 7  8  0 

Minimum number of moves = 20
3
 7  4  3 
 2  8  6 
 0  5  1 

3
 7  4  3 
 0  8  6 
 2  5  1 

3
 7  4  3 
 8  0  6 
 2  5  1 

3
 7  4  3 
 8  5  6 
 2  0  1 

3
 7  4  3 
 8  5  6 
 2  1  0 

3
 7  4  3 
 8  5  0 
 2  1  6 

3
 7  4  3 
 8  0  5 
 2  1  6 

3
 7  4  3 
 8  1  5 
 2  0  6 

3
 7  4  3 
 8  1  5 
 0  2  6 

3
 7  4  3 
 0  1  5 
 8  2  6 

3
 0  4  3 
 7  1  5 
 8  2  6 

3
 4  0  3 
 7  1  5 
 8  2  6 

3
 4  1  3 
 7  0  5 
 8  2  6 

3
 4  1  3 
 7  2  5 
 8  0  6 

3
 4  1  3 
 7  2  5 
 0  8  6 

3
 4  1  3 
 0  2  5 
 7  8  6 

3
 0  1  3 
 4  2  5 
 7  8  6 

3
 1  0  3 
 4  2  5 
 7  8  6 

3
 1  2  3 
 4  0  5 
 7  8  6 

3
 1  2  3 
 4  5  0 
 7  8  6 

3
 1  2  3 
 4  5  6 
 7  8  0 

Minimum number of moves = 21
3
 8  7  2 
 1  5  0 
 4  6  3 

3
 8  7  2 
 1  0  5 
 4  6  3 

3
 8  7  2 
 0  1  5 
 4  6  3 

3
 0  7  2 
 8  1  5 
 4  6  3 

3
 7  0  2 
 8  1  5 
 4  6  3 

3
 7  1  2 
 8  0  5 
 4  6  3 

3
 7  1  2 
 8  5  0 
 4  6  3 

3
 7  1  2 
 8  5  3 
 4  6  0 

3
 7  1  2 
 8  5  3 
 4  0  6 

3
 7  1  2 
 8  5  3 
 0  4  6 

3
 7  1  2 
 0  5  3 
 8  4  6 

3
 0  1  2 
 7  5  3 
 8  4  6 

3
 1  0  2 
 7  5  3 
 8  4  6 

3
 1  5  2 
 7  0  3 
 8  4  6 

3
 1  5  2 
 7  4  3 
 8  0  6 

3
 1  5  2 
 7  4  3 
 0  8  6 

3
 1  5  2 
 0  4  3 
 7  8  6 

3
 1  5  2 
 4  0  3 
 7  8  6 

3
 1  0  2 
 4  5  3 
 7  8  6 

3
 1  2  0 
 4  5  3 
 7  8  6 

3
 1  2  3 
 4  5  0 
 7  8  6 

3
 1  2  3 
 4  5  6 
 7  8  0 

Minimum number of moves = 22
3
 5  3  6 
 4  0  7 
 1  8  2 

3
 5  3  6 
 4  7  0 
 1  8  2 

3
 5  3  6 
 4  7  2 
 1  8  0 

3
 5  3  6 
 4  7  2 
 1  0  8 

3
 5  3  6 
 4  0  2 
 1  7  8 

3
 5  3  6 
 4  2  0 
 1  7  8 

3
 5  3  0 
 4  2  6 
 1  7  8 

3
 5  0  3 
 4  2  6 
 1  7  8 

3
 5  2  3 
 4  0  6 
 1  7  8 

3
 5  2  3 
 0  4  6 
 1  7  8 

3
 5  2  3 
 1  4  6 
 0  7  8 

3
 5  2  3 
 1  4  6 
 7  0  8 

3
 5  2  3 
 1  4  6 
 7  8  0 

3
 5  2  3 
 1  4  0 
 7  8  6 

3
 5  2  0 
 1  4  3 
 7  8  6 

3
 5  0  2 
 1  4  3 
 7  8  6 

3
 0  5  2 
 1  4  3 
 7  8  6 

3
 1  5  2 
 0  4  3 
 7  8  6 

3
 1  5  2 
 4  0  3 
 7  8  6 

3
 1  0  2 
 4  5  3 
 7  8  6 

3
 1  2  0 
 4  5  3 
 7  8  6 

3
 1  2  3 
 4  5  0 
 7  8  6 

3
 1  2  3 
 4  5  6 
 7  8  0 

Minimum number of moves = 23
3
 6  0  8 
 4  3  5 
 1  2  7 

3
 6  3  8 
 4  0  5 
 1  2  7 

3
 6  3  8 
 4  2  5 
 1  0  7 

3
 6  3  8 
 4  2  5 
 0  1  7 

3
 6  3  8 
 0  2  5 
 4  1  7 

3
 6  3  8 
 2  0  5 
 4  1  7 

3
 6  3  8 
 2  1  5 
 4  0  7 

3
 6  3  8 
 2  1  5 
 4  7  0 

3
 6  3  8 
 2  1  0 
 4  7  5 

3
 6  3  0 
 2  1  8 
 4  7  5 

3
 6  0  3 
 2  1  8 
 4  7  5 

3
 6  1  3 
 2  0  8 
 4  7  5 

3
 6  1  3 
 0  2  8 
 4  7  5 

3
 0  1  3 
 6  2  8 
 4  7  5 

3
 1  0  3 
 6  2  8 
 4  7  5 

3
 1  2  3 
 6  0  8 
 4  7  5 

3
 1  2  3 
 0  6  8 
 4  7  5 

3
 1  2  3 
 4  6  8 
 0  7  5 

3
 1  2  3 
 4  6  8 
 7  0  5 

3
 1  2  3 
 4  6  8 
 7  5  0 

3
 1  2  3 
 4  6  0 
 7  5  8 

3
 1  2  3 
 4  0  6 
 7  5  8 

3
 1  2  3 
 4  5  6 
 7  0  8 

3
 1  2  3 
 4  5  6 
 7  8  0 

Minimum number of moves = 24
3
 6  5  3 
 4  1  7 
 0  2  8 

3
 6  5  3 
 0  1  7 
 4  2  8 

3
 0  5  3 
 6  1  7 
 4  2  8 

3
 5  0  3 
 6  1  7 
 4  2  8 

3
 5  1  3 
 6  0  7 
 4  2  8 

3
 5  1  3 
 6  7  0 
 4  2  8 

3
 5  1  3 
 6  7  8 
 4  2  0 

3
 5  1  3 
 6  7  8 
 4  0  2 

3
 5  1  3 
 6  0  8 
 4  7  2 

3
 5  1  3 
 0  6  8 
 4  7  2 

3
 5  1  3 
 4  6  8 
 0  7  2 

3
 5  1  3 
 4  6  8 
 7  0  2 

3
 5  1  3 
 4  6  8 
 7  2  0 

3
 5  1  3 
 4  6  0 
 7  2  8 

3
 5  1  3 
 4  0  6 
 7  2  8 

3
 5  1  3 
 4  2  6 
 7  0  8 

3
 5  1  3 
 4  2  6 
 0  7  8 

3
 5  1  3 
 0  2  6 
 4  7  8 

3
 0  1  3 
 5  2  6 
 4  7  8 

3
 1  0  3 
 5  2  6 
 4  7  8 

3
 1  2  3 
 5  0  6 
 4  7  8 

3
 1  2  3 
 0  5  6 
 4  7  8 

3
 1  2  3 
 4  5  6 
 0  7  8 

3
 1  2  3 
 4  5  6 
 7  0  8 

3
 1  2  3 
 4  5  6 
 7  8  0 

Minimum number of moves = 25
3
 8  3  5 
 6  4  2 
 1  0  7 

3
 8  3  5 
 6  0  2 
 1  4  7 

3
 8  3  5 
 0  6  2 
 1  4  7 

3
 0  3  5 
 8  6  2 
 1  4  7 

3
 3  0  5 
 8  6  2 
 1  4  7 

3
 3  5  0 
 8  6  2 
 1  4  7 

3
 3  5  2 
 8  6  0 
 1  4  7 

3
 3  5  2 
 8  0  6 
 1  4  7 

3
 3  5  2 
 0  8  6 
 1  4  7 

3
 3  5  2 
 1  8  6 
 0  4  7 

3
 3  5  2 
 1  8  6 
 4  0  7 

3
 3  5  2 
 1  8  6 
 4  7  0 

3
 3  5  2 
 1  8  0 
 4  7  6 

3
 3  5  0 
 1  8  2 
 4  7  6 

3
 3  0  5 
 1  8  2 
 4  7  6 

3
 0  3  5 
 1  8  2 
 4  7  6 

3
 1  3  5 
 0  8  2 
 4  7  6 

3
 1  3  5 
 4  8  2 
 0  7  6 

3
 1  3  5 
 4  8  2 
 7  0  6 

3
 1  3  5 
 4  0  2 
 7  8  6 

3
 1  3  5 
 4  2  0 
 7  8  6 

3
 1  3  0 
 4  2  5 
 7  8  6 

3
 1  0  3 
 4  2  5 
 7  8  6 

3
 1  2  3 
 4  0  5 
 7  8  6 

3
 1  2  3 
 4  5  0 
 7  8  6 

3
 1  2  3 
 4  5  6 
 7  8  0 

Minimum number of moves = 26
3
 4  8  7 
 5  3  1 
 0  6  2 

3
 4  8  7 
 5  3  1 
 6  0  2 

3
 4  8  7 
 5  0  1 
 6  3  2 

3
 4  0  7 
 5  8  1 
 6  3  2 

3
 4  7  0 
 5  8  1 
 6  3  2 

3
 4  7  1 
 5  8  0 
 6  3  2 

3
 4  7  1 
 5  8  2 
 6  3  0 

3
 4  7  1 
 5  8  2 
 6  0  3 

3
 4  7  1 
 5  8  2 
 0  6  3 

3
 4  7  1 
 0  8  2 
 5  6  3 

3
 4  7  1 
 8  0  2 
 5  6  3 

3
 4  0  1 
 8  7  2 
 5  6  3 

3
 4  1  0 
 8  7  2 
 5  6  3 

3
 4  1  2 
 8  7  0 
 5  6  3 

3
 4  1  2 
 8  7  3 
 5  6  0 

3
 4  1  2 
 8  7  3 
 5  0  6 

3
 4  1  2 
 8  0  3 
 5  7  6 

3
 4  1  2 
 0  8  3 
 5  7  6 

3
 4  1  2 
 5  8  3 
 0  7  6 

3
 4  1  2 
 5  8  3 
 7  0  6 

3
 4  1  2 
 5  0  3 
 7  8  6 

3
 4  1  2 
 0  5  3 
 7  8  6 

3
 0  1  2 
 4  5  3 
 7  8  6 

3
 1  0  2 
 4  5  3 
 7  8  6 

3
 1  2  0 
 4  5  3 
 7  8  6 

3
 1  2  3 
 4  5  0 
 7  8  6 

3
 1  2  3 
 4  5  6 
 7  8  0 

Minimum number of moves = 27
3
 1  6  4 
 0  3  5 
 8  2  7 

3
 1  6  4 
 8  3  5 
 0  2  7 

3
 1  6  4 
 8  3  5 
 2  0  7 

3
 1  6  4 
 8  3  5 
 2  7  0 

3
 1  6  4 
 8  3  0 
 2  7  5 

3
 1  6  0 
 8  3  4 
 2  7  5 

3
 1  0  6 
 8  3  4 
 2  7  5 

3
 1  3  6 
 8  0  4 
 2  7  5 

3
 1  3  6 
 0  8  4 
 2  7  5 

3
 1  3  6 
 2  8  4 
 0  7  5 

3
 1  3  6 
 2  8  4 
 7  0  5 

3
 1  3  6 
 2  8  4 
 7  5  0 

3
 1  3  6 
 2  8  0 
 7  5  4 

3
 1  3  6 
 2  0  8 
 7  5  4 

3
 1  3  6 
 0  2  8 
 7  5  4 

3
 1  3  6 
 7  2  8 
 0  5  4 

3
 1  3  6 
 7  2  8 
 5  0  4 

3
 1  3  6 
 7  2  8 
 5  4  0 

3
 1  3  6 
 7  2  0 
 5  4  8 

3
 1  3  0 
 7  2  6 
 5  4  8 

3
 1  0  3 
 7  2  6 
 5  4  8 

3
 1  2  3 
 7  0  6 
 5  4  8 

3
 1  2  3 
 7  4  6 
 5  0  8 

3
 1  2  3 
 7  4  6 
 0  5  8 

3
 1  2  3 
 0  4  6 
 7  5  8 

3
 1  2  3 
 4  0  6 
 7  5  8 

3
 1  2  3 
 4  5  6 
 7  0  8 

3
 1  2  3 
 4  5  6 
 7  8  0 

Minimum number of moves = 28
3
 6  3  8 
 5  4  1 
 7  2  0 

3
 6  3  8 
 5  4  0 
 7  2  1 

3
 6  3  0 
 5  4  8 
 7  2  1 

3
 6  0  3 
 5  4  8 
 7  2  1 

3
 0  6  3 
 5  4  8 
 7  2  1 

3
 5  6  3 
 0  4  8 
 7  2  1 

3
 5  6  3 
 4  0  8 
 7  2  1 

3
 5  6  3 
 4  2  8 
 7  0  1 

3
 5  6  3 
 4  2  8 
 0  7  1 

3
 5  6  3 
 0  2  8 
 4  7  1 

3
 5  6  3 
 2  0  8 
 4  7  1 

3
 5  0  3 
 2  6  8 
 4  7  1 

3
 0  5  3 
 2  6  8 
 4  7  1 

3
 2  5  3 
 0  6  8 
 4  7  1 

3
 2  5  3 
 4  6  8 
 0  7  1 

3
 2  5  3 
 4  6  8 
 7  0  1 

3
 2  5  3 
 4  6  8 
 7  1  0 

3
 2  5  3 
 4  6  0 
 7  1  8 

3
 2  5  3 
 4  0  6 
 7  1  8 

3
 2  5  3 
 4  1  6 
 7  0  8 

3
 2  5  3 
 4  1  6 
 0  7  8 

3
 2  5  3 
 0  1  6 
 4  7  8 

3
 2  5  3 
 1  0  6 
 4  7  8 

3
 2  0  3 
 1  5  6 
 4  7  8 

3
 0  2  3 
 1  5  6 
 4  7  8 

3
 1  2  3 
 0  5  6 
 4  7  8 

3
 1  2  3 
 4  5  6 
 0  7  8 

3
 1  2  3 
 4  5  6 
 7  0  8 

3
 1  2  3 
 4  5  6 
 7  8  0 

Minimum number of moves = 29
3
 1  8  5 
 0  2  4 
 3  6  7 

3
 1  8  5 
 3  2  4 
 0  6  7 

3
 1  8  5 
 3  2  4 
 6  0  7 

3
 1  8  5 
 3  0  4 
 6  2  7 

3
 1  8  5 
 3  4  0 
 6  2  7 

3
 1  8  5 
 3  4  7 
 6  2  0 

3
 1  8  5 
 3  4  7 
 6  0  2 

3
 1  8  5 
 3  0  7 
 6  4  2 

3
 1  8  5 
 0  3  7 
 6  4  2 

3
 1  8  5 
 6  3  7 
 0  4  2 

3
 1  8  5 
 6  3  7 
 4  0  2 

3
 1  8  5 
 6  0  7 
 4  3  2 

3
 1  8  5 
 6  7  0 
 4  3  2 

3
 1  8  5 
 6  7  2 
 4  3  0 

3
 1  8  5 
 6  7  2 
 4  0  3 

3
 1  8  5 
 6  0  2 
 4  7  3 

3
 1  8  5 
 0  6  2 
 4  7  3 

3
 1  8  5 
 4  6  2 
 0  7  3 

3
 1  8  5 
 4  6  2 
 7  0  3 

3
 1  8  5 
 4  0  2 
 7  6  3 

3
 1  0  5 
 4  8  2 
 7  6  3 

3
 1  5  0 
 4  8  2 
 7  6  3 

3
 1  5  2 
 4  8  0 
 7  6  3 

3
 1  5  2 
 4  8  3 
 7  6  0 

3
 1  5  2 
 4  8  3 
 7  0  6 

3
 1  5  2 
 4  0  3 
 7  8  6 

3
 1  0  2 
 4  5  3 
 7  8  6 

3
 1  2  0 
 4  5  3 
 7  8  6 

3
 1  2  3 
 4  5  0 
 7  8  6 

3
 1  2  3 
 4  5  6 
 7  8  0 

Minimum number of moves = 30
3
 8  6  7 
 2  0  4 
 3  5  1 

3
 8  6  7 
 0  2  4 
 3  5  1 

3
 8  6  7 
 3  2  4 
 0  5  1 

3
 8  6  7 
 3  2  4 
 5  0  1 

3
 8  6  7 
 3  2  4 
 5  1  0 

3
 8  6  7 
 3  2  0 
 5  1  4 

3
 8  6  0 
 3  2  7 
 5  1  4 

3
 8  0  6 
 3  2  7 
 5  1  4 

3
 8  2  6 
 3  0  7 
 5  1  4 

3
 8  2  6 
 0  3  7 
 5  1  4 

3
 0  2  6 
 8  3  7 
 5  1  4 

3
 2  0  6 
 8  3  7 
 5  1  4 

3
 2  3  6 
 8  0  7 
 5  1  4 

3
 2  3  6 
 0  8  7 
 5  1  4 

3
 2  3  6 
 5  8  7 
 0  1  4 

3
 2  3  6 
 5  8  7 
 1  0  4 

3
 2  3  6 
 5  8  7 
 1  4  0 

3
 2  3  6 
 5  8  0 
 1  4  7 

3
 2  3  6 
 5  0  8 
 1  4  7 

3
 2  3  6 
 0  5  8 
 1  4  7 

3
 2  3  6 
 1  5  8 
 0  4  7 

3
 2  3  6 
 1  5  8 
 4  0  7 

3
 2  3  6 
 1  5  8 
 4  7  0 

3
 2  3  6 
 1  5  0 
 4  7  8 

3
 2  3  0 
 1  5  6 
 4  7  8 

3
 2  0  3 
 1  5  6 
 4  7  8 

3
 0  2  3 
 1  5  6 
 4  7  8 

3
 1  2  3 
 0  5  6 
 4  7  8 

3
 1  2  3 
 4  5  6 
 0  7  8 

3
 1  2  3 
 4  5  6 
 7  0  8 

3
 1  2  3 
 4  5  6 
 7  8  0 

Minimum number of moves = 31
3
 8  6  7 
 2  5  4 
 3  0  1 

3
 8  6  7 
 2  5  4 
 3  1  0 

3
 8  6  7 
 2  5  0 
 3  1  4 

3
 8  6  0 
 2  5  7 
 3  1  4 

3
 8  0  6 
 2  5  7 
 3  1  4 

3
 8  5  6 
 2  0  7 
 3  1  4 

3
 8  5  6 
 0  2  7 
 3  1  4 

3
 8  5  6 
 3  2  7 
 0  1  4 

3
 8  5  6 
 3  2  7 
 1  0  4 

3
 8  5  6 
 3  2  7 
 1  4  0 

3
 8  5  6 
 3  2  0 
 1  4  7 

3
 8  5  0 
 3  2  6 
 1  4  7 

3
 8  0  5 
 3  2  6 
 1  4  7 

3
 8  2  5 
 3  0  6 
 1  4  7 

3
 8  2  5 
 0  3  6 
 1  4  7 

3
 0  2  5 
 8  3  6 
 1  4  7 

3
 2  0  5 
 8  3  6 
 1  4  7 

3
 2  3  5 
 8  0  6 
 1  4  7 

3
 2  3  5 
 0  8  6 
 1  4  7 

3
 2  3  5 
 1  8  6 
 0  4  7 

3
 2  3  5 
 1  8  6 
 4  0  7 

3
 2  3  5 
 1  8  6 
 4  7  0 

3
 2  3  5 
 1  8  0 
 4  7  6 

3
 2  3  0 
 1  8  5 
 4  7  6 

3
 2  0  3 
 1  8  5 
 4  7  6 

3
 0  2  3 
 1  8  5 
 4  7  6 

3
 1  2  3 
 0  8  5 
 4  7  6 

3
 1  2  3 
 4  8  5 
 0  7  6 

3
 1  2  3 
 4  8  5 
 7  0  6 

3
 1  2  3 
 4  0  5 
 7  8  6 

3
 1  2  3 
 4  5  0 
 7  8  6 

3
 1  2  3 
 4  5  6 
 7  8  0 

[3
 0  1  3 
 4  2  5 
 7  8  6 
, 3
 1  0  3 
 4  2  5 
 7  8  6 
, 3
 1  2  3 
 4  0  5 
 7  8  6 
, 3
 1  2  3 
 4  5  0 
 7  8  6 
, 3
 1  2  3 
 4  5  6 
 7  8  0 
]
ham:5
man:10
Minimum number of moves = 3
2
 2  0 
 1  3 

2
 0  2 
 1  3 

2
 1  2 
 0  3 

2
 1  2 
 3  0 

]]></system-out>
  <system-err><![CDATA[]]></system-err>
</testsuite>
